{"C:\\Users\\luizd\\Documents\\Gits\\Projects\\Projeto-Next-Level-Week-8-Return\\server\\src\\use-cases\\submit-feedback.ts": {"path":"C:\\Users\\luizd\\Documents\\Gits\\Projects\\Projeto-Next-Level-Week-8-Return\\server\\src\\use-cases\\submit-feedback.ts","all":false,"statementMap":{"0":{"start":{"line":1,"column":0},"end":{"line":1,"column":55}},"1":{"start":{"line":2,"column":0},"end":{"line":2,"column":77}},"2":{"start":{"line":3,"column":0},"end":{"line":3,"column":0}},"3":{"start":{"line":4,"column":0},"end":{"line":4,"column":33}},"4":{"start":{"line":5,"column":0},"end":{"line":5,"column":15}},"5":{"start":{"line":6,"column":0},"end":{"line":6,"column":18}},"6":{"start":{"line":7,"column":0},"end":{"line":7,"column":22}},"7":{"start":{"line":8,"column":0},"end":{"line":8,"column":1}},"8":{"start":{"line":9,"column":0},"end":{"line":9,"column":0}},"9":{"start":{"line":10,"column":0},"end":{"line":10,"column":10}},"10":{"start":{"line":11,"column":0},"end":{"line":11,"column":60}},"11":{"start":{"line":12,"column":0},"end":{"line":12,"column":67}},"12":{"start":{"line":13,"column":0},"end":{"line":13,"column":32}},"13":{"start":{"line":14,"column":0},"end":{"line":14,"column":29}},"14":{"start":{"line":15,"column":0},"end":{"line":15,"column":14}},"15":{"start":{"line":16,"column":0},"end":{"line":16,"column":53}},"16":{"start":{"line":17,"column":0},"end":{"line":17,"column":36}},"17":{"start":{"line":18,"column":0},"end":{"line":18,"column":7}},"18":{"start":{"line":19,"column":0},"end":{"line":19,"column":0}},"19":{"start":{"line":20,"column":0},"end":{"line":20,"column":49}},"20":{"start":{"line":21,"column":0},"end":{"line":21,"column":48}},"21":{"start":{"line":22,"column":0},"end":{"line":22,"column":0}},"22":{"start":{"line":23,"column":0},"end":{"line":23,"column":70}},"23":{"start":{"line":24,"column":0},"end":{"line":24,"column":51}},"24":{"start":{"line":25,"column":0},"end":{"line":25,"column":5}},"25":{"start":{"line":26,"column":0},"end":{"line":26,"column":15}},"26":{"start":{"line":27,"column":0},"end":{"line":27,"column":42}},"27":{"start":{"line":28,"column":0},"end":{"line":28,"column":5}},"28":{"start":{"line":29,"column":0},"end":{"line":29,"column":18}},"29":{"start":{"line":30,"column":0},"end":{"line":30,"column":45}},"30":{"start":{"line":31,"column":0},"end":{"line":31,"column":5}},"31":{"start":{"line":32,"column":0},"end":{"line":32,"column":0}},"32":{"start":{"line":33,"column":0},"end":{"line":33,"column":43}},"33":{"start":{"line":34,"column":0},"end":{"line":34,"column":11}},"34":{"start":{"line":35,"column":0},"end":{"line":35,"column":14}},"35":{"start":{"line":36,"column":0},"end":{"line":36,"column":16}},"36":{"start":{"line":37,"column":0},"end":{"line":37,"column":7}},"37":{"start":{"line":38,"column":0},"end":{"line":38,"column":0}},"38":{"start":{"line":39,"column":0},"end":{"line":39,"column":3}},"39":{"start":{"line":40,"column":0},"end":{"line":40,"column":1}}},"s":{"0":1,"1":1,"2":1,"3":1,"4":1,"5":1,"6":1,"7":1,"8":1,"9":1,"10":1,"11":1,"12":1,"13":1,"14":1,"15":1,"16":1,"17":1,"18":1,"19":1,"20":4,"21":4,"22":4,"23":1,"24":1,"25":4,"26":1,"27":1,"28":4,"29":1,"30":1,"31":1,"32":1,"33":1,"34":1,"35":1,"36":1,"37":1,"38":1,"39":1},"branchMap":{"0":{"type":"branch","line":20,"loc":{"start":{"line":20,"column":2},"end":{"line":39,"column":3}},"locations":[{"start":{"line":20,"column":2},"end":{"line":39,"column":3}}]},"1":{"type":"branch","line":23,"loc":{"start":{"line":23,"column":17},"end":{"line":23,"column":68}},"locations":[{"start":{"line":23,"column":17},"end":{"line":23,"column":68}}]},"2":{"type":"branch","line":23,"loc":{"start":{"line":23,"column":69},"end":{"line":25,"column":5}},"locations":[{"start":{"line":23,"column":69},"end":{"line":25,"column":5}}]},"3":{"type":"branch","line":26,"loc":{"start":{"line":26,"column":-2},"end":{"line":26,"column":14}},"locations":[{"start":{"line":26,"column":-2},"end":{"line":26,"column":14}}]},"4":{"type":"branch","line":26,"loc":{"start":{"line":26,"column":14},"end":{"line":28,"column":5}},"locations":[{"start":{"line":26,"column":14},"end":{"line":28,"column":5}}]},"5":{"type":"branch","line":29,"loc":{"start":{"line":29,"column":-2},"end":{"line":29,"column":17}},"locations":[{"start":{"line":29,"column":-2},"end":{"line":29,"column":17}}]},"6":{"type":"branch","line":29,"loc":{"start":{"line":29,"column":17},"end":{"line":39,"column":3}},"locations":[{"start":{"line":29,"column":17},"end":{"line":39,"column":3}}]},"7":{"type":"branch","line":15,"loc":{"start":{"line":15,"column":2},"end":{"line":18,"column":7}},"locations":[{"start":{"line":15,"column":2},"end":{"line":18,"column":7}}]}},"b":{"0":[4],"1":[2],"2":[1],"3":[3],"4":[1],"5":[2],"6":[1],"7":[1]},"fnMap":{"0":{"name":"execute","decl":{"start":{"line":20,"column":2},"end":{"line":39,"column":3}},"loc":{"start":{"line":20,"column":2},"end":{"line":39,"column":3}},"line":20},"1":{"name":"SubmitFeedback","decl":{"start":{"line":15,"column":2},"end":{"line":18,"column":7}},"loc":{"start":{"line":15,"column":2},"end":{"line":18,"column":7}},"line":15}},"f":{"0":4,"1":1}}
}
