TN:
SF:src\use-cases\submit-feedback.ts
FN:20,execute
FN:15,SubmitFeedback
FNF:2
FNH:2
FNDA:4,execute
FNDA:1,SubmitFeedback
DA:1,1
DA:2,1
DA:3,1
DA:4,1
DA:5,1
DA:6,1
DA:7,1
DA:8,1
DA:9,1
DA:10,1
DA:11,1
DA:12,1
DA:13,1
DA:14,1
DA:15,1
DA:16,1
DA:17,1
DA:18,1
DA:19,1
DA:20,1
DA:21,4
DA:22,4
DA:23,4
DA:24,1
DA:25,1
DA:26,4
DA:27,1
DA:28,1
DA:29,4
DA:30,1
DA:31,1
DA:32,1
DA:33,1
DA:34,1
DA:35,1
DA:36,1
DA:37,1
DA:38,1
DA:39,1
DA:40,1
LF:40
LH:40
BRDA:20,0,0,4
BRDA:23,1,0,2
BRDA:23,2,0,1
BRDA:26,3,0,3
BRDA:26,4,0,1
BRDA:29,5,0,2
BRDA:29,6,0,1
BRDA:15,7,0,1
BRF:8
BRH:8
end_of_record
